c:\users\laza\documents\workspace\sppurv\sppurv_school\vezba06\gameoflife\gameoflife\release\gameoflife.obj
c:\users\laza\documents\workspace\sppurv\sppurv_school\vezba06\gameoflife\gameoflife\release\main.obj
c:\users\laza\appdata\local\temp\lnk{61b5cde6-732c-423e-84f0-5d5dd73bd3de}.tmp
c:\users\laza\appdata\local\temp\lnk{90a3dc97-86f4-4a99-b80a-dbdc8076e3cc}.tmp
c:\users\laza\documents\workspace\sppurv\sppurv_school\vezba06\gameoflife\release\gameoflife.exe
c:\users\laza\documents\workspace\sppurv\sppurv_school\vezba06\gameoflife\release\gameoflife.pdb
c:\users\laza\documents\workspace\sppurv\sppurv_school\vezba06\gameoflife\gameoflife\release\gameoflife.tlog\icl-mcpcom.read.1.tlog
c:\users\laza\documents\workspace\sppurv\sppurv_school\vezba06\gameoflife\gameoflife\release\gameoflife.tlog\icl-mcpcom.write.1.tlog
c:\users\laza\documents\workspace\sppurv\sppurv_school\vezba06\gameoflife\gameoflife\release\gameoflife.tlog\icl.command.1.tlog
c:\users\laza\documents\workspace\sppurv\sppurv_school\vezba06\gameoflife\gameoflife\release\gameoflife.tlog\icl.read.1.tlog
c:\users\laza\documents\workspace\sppurv\sppurv_school\vezba06\gameoflife\gameoflife\release\gameoflife.tlog\icl.write.1.tlog
c:\users\laza\documents\workspace\sppurv\sppurv_school\vezba06\gameoflife\gameoflife\release\gameoflife.tlog\xilink-link-cvtres.read.1.tlog
c:\users\laza\documents\workspace\sppurv\sppurv_school\vezba06\gameoflife\gameoflife\release\gameoflife.tlog\xilink-link-cvtres.write.1.tlog
c:\users\laza\documents\workspace\sppurv\sppurv_school\vezba06\gameoflife\gameoflife\release\gameoflife.tlog\xilink-link-rc.read.1.tlog
c:\users\laza\documents\workspace\sppurv\sppurv_school\vezba06\gameoflife\gameoflife\release\gameoflife.tlog\xilink-link-rc.write.1.tlog
c:\users\laza\documents\workspace\sppurv\sppurv_school\vezba06\gameoflife\gameoflife\release\gameoflife.tlog\xilink-link.read.1.tlog
c:\users\laza\documents\workspace\sppurv\sppurv_school\vezba06\gameoflife\gameoflife\release\gameoflife.tlog\xilink-link.write.1.tlog
c:\users\laza\documents\workspace\sppurv\sppurv_school\vezba06\gameoflife\gameoflife\release\gameoflife.tlog\xilink-mcpcom.read.1.tlog
c:\users\laza\documents\workspace\sppurv\sppurv_school\vezba06\gameoflife\gameoflife\release\gameoflife.tlog\xilink-mcpcom.write.1.tlog
c:\users\laza\documents\workspace\sppurv\sppurv_school\vezba06\gameoflife\gameoflife\release\gameoflife.tlog\xilink.command.1.tlog
c:\users\laza\documents\workspace\sppurv\sppurv_school\vezba06\gameoflife\gameoflife\release\gameoflife.tlog\xilink.read.1.tlog
c:\users\laza\documents\workspace\sppurv\sppurv_school\vezba06\gameoflife\gameoflife\release\gameoflife.tlog\xilink.write.1.tlog
